{"numTotalTestSuites":3,"numPassedTestSuites":3,"numFailedTestSuites":0,"numPendingTestSuites":0,"numTotalTests":10,"numPassedTests":10,"numFailedTests":0,"numPendingTests":0,"numTodoTests":0,"snapshot":{"added":0,"failure":false,"filesAdded":0,"filesRemoved":0,"filesRemovedList":[],"filesUnmatched":0,"filesUpdated":0,"matched":0,"total":0,"unchecked":0,"uncheckedKeysByFile":[],"unmatched":0,"updated":0,"didUpdate":false},"startTime":1750383783398,"success":true,"testResults":[{"assertionResults":[{"ancestorTitles":["Schema Drift Detection"],"fullName":"Schema Drift Detection should return TransactionWithDetails with correct schema","status":"passed","title":"should return TransactionWithDetails with correct schema","duration":5.961249999999836,"failureMessages":[],"meta":{}},{"ancestorTitles":["Schema Drift Detection"],"fullName":"Schema Drift Detection should return RegionalData with correct schema","status":"passed","title":"should return RegionalData with correct schema","duration":12.028874999999971,"failureMessages":[],"meta":{}},{"ancestorTitles":["Schema Drift Detection"],"fullName":"Schema Drift Detection should return BrandPerformance with correct schema","status":"passed","title":"should return BrandPerformance with correct schema","duration":4.444625000000087,"failureMessages":[],"meta":{}},{"ancestorTitles":["Schema Drift Detection"],"fullName":"Schema Drift Detection should return CategoryMix with correct schema","status":"passed","title":"should return CategoryMix with correct schema","duration":6.886166000000003,"failureMessages":[],"meta":{}},{"ancestorTitles":["Schema Drift Detection"],"fullName":"Schema Drift Detection should return ProductSubstitution with correct schema","status":"passed","title":"should return ProductSubstitution with correct schema","duration":0.2859169999999267,"failureMessages":[],"meta":{}},{"ancestorTitles":["Schema Drift Detection"],"fullName":"Schema Drift Detection should return ConsumerInsight with correct schema","status":"passed","title":"should return ConsumerInsight with correct schema","duration":4.266582999999855,"failureMessages":[],"meta":{}},{"ancestorTitles":["Schema Drift Detection"],"fullName":"Schema Drift Detection should validate data integrity rules","status":"passed","title":"should validate data integrity rules","duration":677.5609590000001,"failureMessages":[],"meta":{}},{"ancestorTitles":["Schema Drift Detection"],"fullName":"Schema Drift Detection should enforce FMCG category filtering","status":"passed","title":"should enforce FMCG category filtering","duration":165.0814580000001,"failureMessages":[],"meta":{}},{"ancestorTitles":["Schema Drift Detection"],"fullName":"Schema Drift Detection should handle filters consistently","status":"passed","title":"should handle filters consistently","duration":10.19162499999993,"failureMessages":[],"meta":{}},{"ancestorTitles":["Runtime Contract Validation"],"fullName":"Runtime Contract Validation should validate against TypeScript schema at runtime","status":"passed","title":"should validate against TypeScript schema at runtime","duration":32.25345800000014,"failureMessages":[],"meta":{}}],"startTime":1750383785064,"endTime":1750383785983.2534,"status":"passed","message":"","name":"/Users/tbwa/Documents/GitHub/consumer-sphere-intel/src/__tests__/schemaDrift.test.ts"}]}