{"numTotalTestSuites":3,"numPassedTestSuites":1,"numFailedTestSuites":2,"numPendingTestSuites":0,"numTotalTests":10,"numPassedTests":9,"numFailedTests":1,"numPendingTests":0,"numTodoTests":0,"snapshot":{"added":0,"failure":false,"filesAdded":0,"filesRemoved":0,"filesRemovedList":[],"filesUnmatched":0,"filesUpdated":0,"matched":0,"total":0,"unchecked":0,"uncheckedKeysByFile":[],"unmatched":0,"updated":0,"didUpdate":false},"startTime":1750369867117,"success":false,"testResults":[{"assertionResults":[{"ancestorTitles":["Schema Drift Detection"],"fullName":"Schema Drift Detection should return TransactionWithDetails with correct schema","status":"passed","title":"should return TransactionWithDetails with correct schema","duration":3.3957080000000133,"failureMessages":[],"meta":{}},{"ancestorTitles":["Schema Drift Detection"],"fullName":"Schema Drift Detection should return RegionalData with correct schema","status":"passed","title":"should return RegionalData with correct schema","duration":3.463333000000034,"failureMessages":[],"meta":{}},{"ancestorTitles":["Schema Drift Detection"],"fullName":"Schema Drift Detection should return BrandPerformance with correct schema","status":"passed","title":"should return BrandPerformance with correct schema","duration":3.1193339999999807,"failureMessages":[],"meta":{}},{"ancestorTitles":["Schema Drift Detection"],"fullName":"Schema Drift Detection should return CategoryMix with correct schema","status":"passed","title":"should return CategoryMix with correct schema","duration":3.174374999999941,"failureMessages":[],"meta":{}},{"ancestorTitles":["Schema Drift Detection"],"fullName":"Schema Drift Detection should return ProductSubstitution with correct schema","status":"passed","title":"should return ProductSubstitution with correct schema","duration":0.20887499999992087,"failureMessages":[],"meta":{}},{"ancestorTitles":["Schema Drift Detection"],"fullName":"Schema Drift Detection should return ConsumerInsight with correct schema","status":"passed","title":"should return ConsumerInsight with correct schema","duration":2.5237500000000637,"failureMessages":[],"meta":{}},{"ancestorTitles":["Schema Drift Detection"],"fullName":"Schema Drift Detection should validate data integrity rules","status":"passed","title":"should validate data integrity rules","duration":508.49683300000004,"failureMessages":[],"meta":{}},{"ancestorTitles":["Schema Drift Detection"],"fullName":"Schema Drift Detection should enforce FMCG category filtering","status":"passed","title":"should enforce FMCG category filtering","duration":137.3176669999998,"failureMessages":[],"meta":{}},{"ancestorTitles":["Schema Drift Detection"],"fullName":"Schema Drift Detection should handle filters consistently","status":"failed","title":"should handle filters consistently","duration":6.2925840000000335,"failureMessages":["TypeError: actual value must be number or bigint, received \"object\"\n    at assertTypes (file:///Users/tbwa/Documents/GitHub/consumer-sphere-intel/node_modules/@vitest/utils/dist/helpers.js:20:11)\n    at Proxy.<anonymous> (file:///Users/tbwa/Documents/GitHub/consumer-sphere-intel/node_modules/@vitest/expect/dist/index.js:1245:5)\n    at Proxy.<anonymous> (file:///Users/tbwa/Documents/GitHub/consumer-sphere-intel/node_modules/@vitest/expect/dist/index.js:972:17)\n    at Proxy.methodWrapper (file:///Users/tbwa/Documents/GitHub/consumer-sphere-intel/node_modules/chai/chai.js:1618:25)\n    at /Users/tbwa/Documents/GitHub/consumer-sphere-intel/src/__tests__/schemaDrift.test.ts:246:31\n    at Array.forEach (<anonymous>)\n    at /Users/tbwa/Documents/GitHub/consumer-sphere-intel/src/__tests__/schemaDrift.test.ts:244:26\n    at processTicksAndRejections (node:internal/process/task_queues:95:5)\n    at file:///Users/tbwa/Documents/GitHub/consumer-sphere-intel/node_modules/@vitest/runner/dist/index.js:533:5\n    at runTest (file:///Users/tbwa/Documents/GitHub/consumer-sphere-intel/node_modules/@vitest/runner/dist/index.js:1056:11)"],"meta":{}},{"ancestorTitles":["Runtime Contract Validation"],"fullName":"Runtime Contract Validation should validate against TypeScript schema at runtime","status":"passed","title":"should validate against TypeScript schema at runtime","duration":25.759833999999955,"failureMessages":[],"meta":{}}],"startTime":1750369867654,"endTime":1750369868347.7598,"status":"failed","message":"","name":"/Users/tbwa/Documents/GitHub/consumer-sphere-intel/src/__tests__/schemaDrift.test.ts"}]}